TN:
SF:script/BuyMeACoffee.s.sol
FN:8,BuyMeACoffeeScript.setUp
FNDA:0,BuyMeACoffeeScript.setUp
FN:10,BuyMeACoffeeScript.run
FNDA:0,BuyMeACoffeeScript.run
DA:11,0
DA:12,0
DA:13,0
DA:14,0
DA:15,0
FNF:2
FNH:0
LF:5
LH:0
BRF:0
BRH:0
end_of_record
TN:
SF:script/CustomERC1155.s.sol
FN:8,CustomERC1155Script.setUp
FNDA:0,CustomERC1155Script.setUp
FN:10,CustomERC1155Script.run
FNDA:0,CustomERC1155Script.run
DA:11,0
DA:12,0
DA:13,0
DA:14,0
DA:15,0
FNF:2
FNH:0
LF:5
LH:0
BRF:0
BRH:0
end_of_record
TN:
SF:script/SignatureMintERC721.s.sol
FN:9,SignatureMintERC721Script.setUp
FNDA:0,SignatureMintERC721Script.setUp
FN:11,SignatureMintERC721Script.run
FNDA:0,SignatureMintERC721Script.run
DA:12,0
DA:13,0
DA:14,0
DA:15,0
DA:16,0
DA:17,0
FNF:2
FNH:0
LF:6
LH:0
BRF:0
BRH:0
end_of_record
TN:
SF:src/BuyMeACoffee.sol
FN:46,BuyMeACoffee.buyCoffee
FNDA:5,BuyMeACoffee.buyCoffee
DA:47,5
BRDA:47,0,0,-
BRDA:47,0,1,5
DA:48,0
DA:51,5
DA:53,5
BRDA:53,1,0,-
BRDA:53,1,1,5
DA:54,0
DA:57,5
DA:59,5
FN:66,BuyMeACoffee.removeMemo
FNDA:1,BuyMeACoffee.removeMemo
DA:67,1
BRDA:67,2,0,-
BRDA:67,2,1,1
DA:68,0
DA:71,1
DA:73,1
BRDA:73,3,0,-
BRDA:73,3,1,1
DA:74,0
DA:76,1
DA:77,1
DA:78,1
DA:79,1
FN:87,BuyMeACoffee.modifyMemoMessage
FNDA:1,BuyMeACoffee.modifyMemoMessage
DA:88,1
BRDA:88,4,0,-
BRDA:88,4,1,1
DA:89,0
DA:92,1
DA:94,1
BRDA:94,5,0,-
BRDA:94,5,1,1
DA:95,0
DA:98,1
FN:104,BuyMeACoffee.withdrawTips
FNDA:1,BuyMeACoffee.withdrawTips
DA:105,1
BRDA:105,6,0,-
BRDA:105,6,1,1
DA:106,0
DA:109,1
BRDA:109,7,0,-
BRDA:109,7,1,1
DA:110,0
DA:113,1
DA:114,1
BRDA:114,8,0,-
BRDA:114,8,1,1
FN:124,BuyMeACoffee.getMemos
FNDA:6,BuyMeACoffee.getMemos
DA:125,6
FN:136,BuyMeACoffee.
FNDA:0,BuyMeACoffee.
FNF:6
FNH:5
LF:29
LH:21
BRF:18
BRH:9
end_of_record
TN:
SF:src/CustomERC1155.sol
FN:9,COFFEEKITTEN.mint
FNDA:1,COFFEEKITTEN.mint
DA:10,1
FN:13,COFFEEKITTEN.mintBatch
FNDA:1,COFFEEKITTEN.mintBatch
DA:14,1
FNF:2
FNH:2
LF:2
LH:2
BRF:0
BRH:0
end_of_record
TN:
SF:src/NFTUtilities.sol
FN:22,NFTUtilities.getEncodedStringPair
FNDA:14,NFTUtilities.getEncodedStringPair
DA:27,14
BRDA:27,0,0,3
BRDA:27,0,1,11
DA:28,3
DA:30,11
FNF:1
FNH:1
LF:3
LH:3
BRF:2
BRH:2
end_of_record
TN:
SF:src/SignatureMintERC721.sol
FN:48,SignatureMintERC721.freeMint
FNDA:4,SignatureMintERC721.freeMint
DA:49,4
BRDA:49,0,0,1
BRDA:49,0,1,3
DA:52,3
BRDA:52,1,0,1
BRDA:52,1,1,2
DA:53,2
DA:56,2
DA:57,2
FN:64,SignatureMintERC721.mint
FNDA:3,SignatureMintERC721.mint
DA:65,3
BRDA:65,2,0,1
BRDA:65,2,1,2
DA:66,1
DA:68,2
DA:69,2
FN:76,SignatureMintERC721.contractURI
FNDA:1,SignatureMintERC721.contractURI
DA:77,1
DA:85,1
FN:88,SignatureMintERC721.tokenURI
FNDA:2,SignatureMintERC721.tokenURI
DA:89,2
BRDA:89,3,0,1
BRDA:89,3,1,1
DA:90,1
FN:97,SignatureMintERC721.getOpenEditionUri
FNDA:1,SignatureMintERC721.getOpenEditionUri
DA:99,2
DA:103,2
DA:112,2
FN:119,SignatureMintERC721.getBytesToSign
FNDA:8,SignatureMintERC721.getBytesToSign
DA:120,8
DA:121,8
FN:128,SignatureMintERC721.getStringToSign
FNDA:1,SignatureMintERC721.getStringToSign
DA:129,9
FN:137,SignatureMintERC721.verifySignature
FNDA:5,SignatureMintERC721.verifySignature
DA:138,5
DA:139,5
DA:142,4
FNF:8
FNH:8
LF:22
LH:22
BRF:8
BRH:8
end_of_record
